2026-03-18T18:41:11+01:00 request_id=75d39add-4172-4840-acf7-c03aee87cee8 usuario=Administrador GET /sistema-almacen/transacciones.php -> SELECT tabla? params=[]
2026-03-18T18:41:11+01:00 request_id=75d39add-4172-4840-acf7-c03aee87cee8 usuario=Administrador GET /sistema-almacen/transacciones.php -> SELECT tabla? params=[]
2026-03-18T18:41:58+01:00 request_id=1298aca4-a65a-4b3d-b371-beb3e42d3571 usuario=Administrador POST /sistema-almacen/productos.php -> INSERT productos params=["PROD-128","pan bimbo","pollo a la jardinera","BOTE",1]
2026-03-18T19:06:20+01:00 request_id=1b6fea1a-db12-4151-b575-5141d976cba3 usuario=Administrador GET /sistema-almacen/ver-transaccion.php -> SELECT tabla? params=[14]
2026-03-18T19:06:20+01:00 request_id=1b6fea1a-db12-4151-b575-5141d976cba3 usuario=Administrador GET /sistema-almacen/ver-transaccion.php -> SELECT tabla? params=[14]
2026-03-18T19:20:40+01:00 request_id=379a770e-c74a-4bb2-b272-e3d4a43a0bd9 usuario=Administrador POST /sistema-almacen/nueva-entrada.php -> INSERT productos params=["PROD-129","pancho pantera","chocomilik","kg",1]
2026-03-18T19:20:40+01:00 request_id=379a770e-c74a-4bb2-b272-e3d4a43a0bd9 usuario=Administrador POST /sistema-almacen/nueva-entrada.php -> SELECT tabla? params=["PE-2026-%"]
2026-03-18T19:20:40+01:00 request_id=379a770e-c74a-4bb2-b272-e3d4a43a0bd9 usuario=Administrador POST /sistema-almacen/nueva-entrada.php -> INSERT entradas params=["PE-2026-016","2026-03-18",4,2,"completada",1]
2026-03-18T19:20:40+01:00 request_id=379a770e-c74a-4bb2-b272-e3d4a43a0bd9 usuario=Administrador POST /sistema-almacen/nueva-entrada.php -> INSERT detalle_entradas params=[18,141,34,1]
2026-03-18T19:20:40+01:00 request_id=379a770e-c74a-4bb2-b272-e3d4a43a0bd9 usuario=Administrador POST /sistema-almacen/nueva-entrada.php -> INSERT detalle_entradas params=[18,47,4,1]
2026-03-18T19:20:40+01:00 request_id=e9708142-7af2-43fc-9e16-18dcefb191b9 usuario=Administrador GET /sistema-almacen/recibo-entrada.php -> SELECT tabla? params=[18]
2026-03-18T19:20:40+01:00 request_id=e9708142-7af2-43fc-9e16-18dcefb191b9 usuario=Administrador GET /sistema-almacen/recibo-entrada.php -> SELECT tabla? params=[18]
2026-03-18T19:20:41+01:00 request_id=20251509-645c-4ba4-b399-2a1fbda28590 usuario=Administrador GET /sistema-almacen/recibo-entrada.php -> SELECT tabla? params=[18]
2026-03-18T19:20:41+01:00 request_id=20251509-645c-4ba4-b399-2a1fbda28590 usuario=Administrador GET /sistema-almacen/recibo-entrada.php -> SELECT tabla? params=[18]
2026-03-18T19:20:55+01:00 request_id=c6967148-b652-47ee-861d-c03ceb53d4db usuario=Administrador GET /sistema-almacen/transacciones.php -> SELECT tabla? params=[]
2026-03-18T19:20:55+01:00 request_id=c6967148-b652-47ee-861d-c03ceb53d4db usuario=Administrador GET /sistema-almacen/transacciones.php -> SELECT tabla? params=[]
2026-03-18T19:20:56+01:00 request_id=ac168eae-3a42-41ed-ace9-29cb89656433 usuario=Administrador GET /sistema-almacen/inventario.php -> SELECT tabla? params=[2026,3]
2026-03-18T19:20:56+01:00 request_id=ac168eae-3a42-41ed-ace9-29cb89656433 usuario=Administrador GET /sistema-almacen/inventario.php -> SELECT tabla? params=[12]
2026-03-18T19:20:56+01:00 request_id=ac168eae-3a42-41ed-ace9-29cb89656433 usuario=Administrador GET /sistema-almacen/inventario.php -> SELECT tabla? params=[13]
2026-03-18T19:20:56+01:00 request_id=ac168eae-3a42-41ed-ace9-29cb89656433 usuario=Administrador GET /sistema-almacen/inventario.php -> SELECT tabla? params=[14]
2026-03-18T19:20:56+01:00 request_id=ac168eae-3a42-41ed-ace9-29cb89656433 usuario=Administrador GET /sistema-almacen/inventario.php -> SELECT tabla? params=[15]
2026-03-18T19:20:56+01:00 request_id=ac168eae-3a42-41ed-ace9-29cb89656433 usuario=Administrador GET /sistema-almacen/inventario.php -> SELECT tabla? params=[18]
2026-03-18T19:20:56+01:00 request_id=ac168eae-3a42-41ed-ace9-29cb89656433 usuario=Administrador GET /sistema-almacen/inventario.php -> SELECT tabla? params=[2026,3]
2026-03-18T19:20:56+01:00 request_id=ac168eae-3a42-41ed-ace9-29cb89656433 usuario=Administrador GET /sistema-almacen/inventario.php -> SELECT tabla? params=[1]
2026-03-18T19:20:56+01:00 request_id=ac168eae-3a42-41ed-ace9-29cb89656433 usuario=Administrador GET /sistema-almacen/inventario.php -> SELECT tabla? params=[2026,3]
2026-03-18T19:20:56+01:00 request_id=ac168eae-3a42-41ed-ace9-29cb89656433 usuario=Administrador GET /sistema-almacen/inventario.php -> SELECT tabla? params=[2026,3]
2026-03-18T19:30:56+01:00 request_id=a73eb708-289e-4628-8c2c-ff041165de7e usuario=Administrador GET /sistema-almacen/inventario.php -> SELECT tabla? params=[2026,3]
2026-03-18T19:30:56+01:00 request_id=a73eb708-289e-4628-8c2c-ff041165de7e usuario=Administrador GET /sistema-almacen/inventario.php -> SELECT tabla? params=[12]
2026-03-18T19:30:56+01:00 request_id=a73eb708-289e-4628-8c2c-ff041165de7e usuario=Administrador GET /sistema-almacen/inventario.php -> SELECT tabla? params=[13]
2026-03-18T19:30:56+01:00 request_id=a73eb708-289e-4628-8c2c-ff041165de7e usuario=Administrador GET /sistema-almacen/inventario.php -> SELECT tabla? params=[14]
2026-03-18T19:30:56+01:00 request_id=a73eb708-289e-4628-8c2c-ff041165de7e usuario=Administrador GET /sistema-almacen/inventario.php -> SELECT tabla? params=[15]
2026-03-18T19:30:56+01:00 request_id=a73eb708-289e-4628-8c2c-ff041165de7e usuario=Administrador GET /sistema-almacen/inventario.php -> SELECT tabla? params=[18]
2026-03-18T19:30:56+01:00 request_id=a73eb708-289e-4628-8c2c-ff041165de7e usuario=Administrador GET /sistema-almacen/inventario.php -> SELECT tabla? params=[2026,3]
2026-03-18T19:30:56+01:00 request_id=a73eb708-289e-4628-8c2c-ff041165de7e usuario=Administrador GET /sistema-almacen/inventario.php -> SELECT tabla? params=[1]
2026-03-18T19:30:56+01:00 request_id=a73eb708-289e-4628-8c2c-ff041165de7e usuario=Administrador GET /sistema-almacen/inventario.php -> SELECT tabla? params=[2026,3]
2026-03-18T19:30:56+01:00 request_id=a73eb708-289e-4628-8c2c-ff041165de7e usuario=Administrador GET /sistema-almacen/inventario.php -> SELECT tabla? params=[2026,3]
2026-03-18T19:30:57+01:00 request_id=31e4cff5-9b63-41e6-9230-a75e898aa151 usuario=Administrador GET /sistema-almacen/transacciones.php -> SELECT tabla? params=[]
2026-03-18T19:30:57+01:00 request_id=31e4cff5-9b63-41e6-9230-a75e898aa151 usuario=Administrador GET /sistema-almacen/transacciones.php -> SELECT tabla? params=[]
2026-03-18T19:30:59+01:00 request_id=24f4d9ec-80d1-4589-ba9c-9e14d6646018 usuario=Administrador GET /sistema-almacen/ver-transaccion.php -> SELECT tabla? params=[18]
2026-03-18T19:30:59+01:00 request_id=24f4d9ec-80d1-4589-ba9c-9e14d6646018 usuario=Administrador GET /sistema-almacen/ver-transaccion.php -> SELECT tabla? params=[18]
2026-03-18T19:31:03+01:00 request_id=26e4c3f0-7443-48b6-a87f-4475039809ca usuario=Administrador GET /sistema-almacen/index.php -> SELECT tabla? params=[]
2026-03-18T19:31:03+01:00 request_id=26e4c3f0-7443-48b6-a87f-4475039809ca usuario=Administrador GET /sistema-almacen/index.php -> SELECT tabla? params=[]
2026-03-18T19:31:34+01:00 request_id=5dba086c-f601-4f27-afae-3f047395efb9 usuario=Administrador POST /sistema-almacen/nueva-entrada.php -> SELECT tabla? params=["PE-2026-%"]
2026-03-18T19:31:34+01:00 request_id=5dba086c-f601-4f27-afae-3f047395efb9 usuario=Administrador POST /sistema-almacen/nueva-entrada.php -> INSERT entradas params=["PE-2026-017","sdajndnjakjandad","2026-03-18",5,2,"completada",1]
2026-03-18T19:31:34+01:00 request_id=5dba086c-f601-4f27-afae-3f047395efb9 usuario=Administrador POST /sistema-almacen/nueva-entrada.php -> INSERT detalle_entradas params=[19,64,1,1]
2026-03-18T19:31:34+01:00 request_id=5dba086c-f601-4f27-afae-3f047395efb9 usuario=Administrador POST /sistema-almacen/nueva-entrada.php -> INSERT detalle_entradas params=[19,47,1,1]
2026-03-18T19:31:34+01:00 request_id=5dba086c-f601-4f27-afae-3f047395efb9 usuario=Administrador POST /sistema-almacen/nueva-entrada.php -> INSERT detalle_entradas params=[19,64,1,1]
2026-03-18T19:31:34+01:00 request_id=9cd3d74b-607b-4648-a378-4978f24382d8 usuario=Administrador GET /sistema-almacen/recibo-entrada.php -> SELECT tabla? params=[19]
2026-03-18T19:31:34+01:00 request_id=9cd3d74b-607b-4648-a378-4978f24382d8 usuario=Administrador GET /sistema-almacen/recibo-entrada.php -> SELECT tabla? params=[19]
2026-03-18T19:31:36+01:00 request_id=73215dea-7b3e-4fb1-b291-f503f58f1abc usuario=Administrador GET /sistema-almacen/recibo-entrada.php -> SELECT tabla? params=[19]
2026-03-18T19:31:36+01:00 request_id=73215dea-7b3e-4fb1-b291-f503f58f1abc usuario=Administrador GET /sistema-almacen/recibo-entrada.php -> SELECT tabla? params=[19]
2026-03-18T19:31:43+01:00 request_id=be045572-88dd-45ed-ac1c-23e8a3af79bd usuario=Administrador GET /sistema-almacen/transacciones.php -> SELECT tabla? params=[]
2026-03-18T19:31:43+01:00 request_id=be045572-88dd-45ed-ac1c-23e8a3af79bd usuario=Administrador GET /sistema-almacen/transacciones.php -> SELECT tabla? params=[]
2026-03-18T19:31:48+01:00 request_id=35e3f55c-0f1f-4067-ab9b-1285a6edc98e usuario=Administrador GET /sistema-almacen/transacciones.php -> SELECT tabla? params=[]
2026-03-18T19:31:59+01:00 request_id=ad79e3ed-6dfe-4f99-b82d-4093629a32c4 usuario=Administrador GET /sistema-almacen/entregas-plantel-persona.php -> SELECT tabla? params=[]
2026-03-18T19:32:05+01:00 request_id=752d01b8-19d0-4699-b15b-82309555511f usuario=Administrador GET /sistema-almacen/ver-transaccion.php -> SELECT tabla? params=[1]
2026-03-18T19:32:05+01:00 request_id=752d01b8-19d0-4699-b15b-82309555511f usuario=Administrador GET /sistema-almacen/ver-transaccion.php -> SELECT tabla? params=[1]
2026-03-18T19:32:08+01:00 request_id=f56b152a-073f-4820-96eb-be54b91e51d0 usuario=Administrador GET /sistema-almacen/recibo.php -> SELECT tabla? params=[1]
2026-03-18T19:32:08+01:00 request_id=f56b152a-073f-4820-96eb-be54b91e51d0 usuario=Administrador GET /sistema-almacen/recibo.php -> SELECT tabla? params=[1]
2026-03-18T19:32:10+01:00 request_id=b8a1fe14-4025-404d-b917-5708e827bf60 usuario=Administrador GET /sistema-almacen/transacciones.php -> SELECT tabla? params=[]
2026-03-18T19:32:10+01:00 request_id=b8a1fe14-4025-404d-b917-5708e827bf60 usuario=Administrador GET /sistema-almacen/transacciones.php -> SELECT tabla? params=[]
